<?xml version="1.0" encoding="UTF-8"?>
<robot generator="Robot 6.1 (Python 3.12.0 on win32)" generated="20240826 13:54:51.417" rpa="false" schemaversion="4">
<suite id="s1" name="Api Serverest Robot" source="C:\Users\diego\Programing\Python\api_serverest_robot">
<suite id="s1-s1" name="serverestTest" source="C:\Users\diego\Programing\Python\api_serverest_robot\serverestTest">
<suite id="s1-s1-s1" name="Usuario Serverest Test" source="C:\Users\diego\Programing\Python\api_serverest_robot\serverestTest\usuario_serverest_test.robot">
<test id="s1-s1-s1-t1" name="Cenário com Post: Cadastrar um novo usuário com sucesso" line="7">
<kw name="Criar um novo usuário" library="serverest_testes_recursos">
<kw name="Generate Random String" library="String">
<var>${palavra_randomica}</var>
<arg>length=8</arg>
<arg>chars=[LETTERS]</arg>
<doc>Generates a string with a desired ``length`` from the given ``chars``.</doc>
<msg timestamp="20240826 13:54:51.464" level="INFO">${palavra_randomica} = BVTwNttG</msg>
<status status="PASS" starttime="20240826 13:54:51.464" endtime="20240826 13:54:51.464"/>
</kw>
<kw name="Convert To Lower Case" library="String">
<var>${palavra_randomica}</var>
<arg>${palavra_randomica}</arg>
<doc>Converts string to lower case.</doc>
<msg timestamp="20240826 13:54:51.464" level="INFO">${palavra_randomica} = bvtwnttg</msg>
<status status="PASS" starttime="20240826 13:54:51.464" endtime="20240826 13:54:51.464"/>
</kw>
<kw name="Set Test Variable" library="BuiltIn">
<arg>${EMAIL_TEST}</arg>
<arg>${palavra_randomica}@qacoders.com.br</arg>
<doc>Makes a variable available everywhere within the scope of the current test.</doc>
<msg timestamp="20240826 13:54:51.464" level="INFO">${EMAIL_TEST} = bvtwnttg@qacoders.com.br</msg>
<status status="PASS" starttime="20240826 13:54:51.464" endtime="20240826 13:54:51.464"/>
</kw>
<kw name="Log" library="BuiltIn">
<arg>${EMAIL_TEST}</arg>
<doc>Logs the given message with the given level.</doc>
<msg timestamp="20240826 13:54:51.464" level="INFO">bvtwnttg@qacoders.com.br</msg>
<status status="PASS" starttime="20240826 13:54:51.464" endtime="20240826 13:54:51.464"/>
</kw>
<kw name="Generate Random String" library="String">
<var>${palavra_randomica_nome}</var>
<arg>length=8</arg>
<arg>chars=[LETTERS]</arg>
<doc>Generates a string with a desired ``length`` from the given ``chars``.</doc>
<msg timestamp="20240826 13:54:51.464" level="INFO">${palavra_randomica_nome} = sXuPdwrj</msg>
<status status="PASS" starttime="20240826 13:54:51.464" endtime="20240826 13:54:51.464"/>
</kw>
<kw name="Convert To Lower Case" library="String">
<var>${palavra_randomica_nome}</var>
<arg>${palavra_randomica_nome}</arg>
<doc>Converts string to lower case.</doc>
<msg timestamp="20240826 13:54:51.464" level="INFO">${palavra_randomica_nome} = sxupdwrj</msg>
<status status="PASS" starttime="20240826 13:54:51.464" endtime="20240826 13:54:51.464"/>
</kw>
<kw name="Set Test Variable" library="BuiltIn">
<arg>${NOME_TEST}</arg>
<arg>P${palavra_randomica_nome}</arg>
<doc>Makes a variable available everywhere within the scope of the current test.</doc>
<msg timestamp="20240826 13:54:51.464" level="INFO">${NOME_TEST} = Psxupdwrj</msg>
<status status="PASS" starttime="20240826 13:54:51.464" endtime="20240826 13:54:51.464"/>
</kw>
<kw name="Generate Random String" library="String">
<var>${palavra_randomica_sobrenome}</var>
<arg>length=8</arg>
<arg>chars=[LETTERS]</arg>
<doc>Generates a string with a desired ``length`` from the given ``chars``.</doc>
<msg timestamp="20240826 13:54:51.464" level="INFO">${palavra_randomica_sobrenome} = wRlmqHiY</msg>
<status status="PASS" starttime="20240826 13:54:51.464" endtime="20240826 13:54:51.464"/>
</kw>
<kw name="Convert To Lower Case" library="String">
<var>${palavra_randomica_sobrenome}</var>
<arg>${palavra_randomica_nome}</arg>
<doc>Converts string to lower case.</doc>
<msg timestamp="20240826 13:54:51.464" level="INFO">${palavra_randomica_sobrenome} = sxupdwrj</msg>
<status status="PASS" starttime="20240826 13:54:51.464" endtime="20240826 13:54:51.464"/>
</kw>
<kw name="Set Test Variable" library="BuiltIn">
<arg>${SOBRENOME_TEST}</arg>
<arg>C${palavra_randomica_sobrenome}</arg>
<doc>Makes a variable available everywhere within the scope of the current test.</doc>
<msg timestamp="20240826 13:54:51.464" level="INFO">${SOBRENOME_TEST} = Csxupdwrj</msg>
<status status="PASS" starttime="20240826 13:54:51.464" endtime="20240826 13:54:51.464"/>
</kw>
<kw name="Generate Random String" library="String">
<var>${palavra_randomica_fullname}</var>
<arg>length=8</arg>
<arg>chars=[LETTERS]</arg>
<doc>Generates a string with a desired ``length`` from the given ``chars``.</doc>
<msg timestamp="20240826 13:54:51.464" level="INFO">${palavra_randomica_fullname} = mVmNcbPR</msg>
<status status="PASS" starttime="20240826 13:54:51.464" endtime="20240826 13:54:51.464"/>
</kw>
<kw name="Convert To Lower Case" library="String">
<var>${palavra_randomica_fullname}</var>
<arg>${palavra_randomica_fullname}</arg>
<doc>Converts string to lower case.</doc>
<msg timestamp="20240826 13:54:51.464" level="INFO">${palavra_randomica_fullname} = mvmncbpr</msg>
<status status="PASS" starttime="20240826 13:54:51.464" endtime="20240826 13:54:51.464"/>
</kw>
<kw name="Set Test Variable" library="BuiltIn">
<arg>${FULLNAME_TEST}</arg>
<arg>P${palavra_randomica_nome} C${palavra_randomica_sobrenome}</arg>
<doc>Makes a variable available everywhere within the scope of the current test.</doc>
<msg timestamp="20240826 13:54:51.464" level="INFO">${FULLNAME_TEST} = Psxupdwrj Csxupdwrj</msg>
<status status="PASS" starttime="20240826 13:54:51.464" endtime="20240826 13:54:51.464"/>
</kw>
<status status="PASS" starttime="20240826 13:54:51.448" endtime="20240826 13:54:51.464"/>
</kw>
<kw name="Cadastrar o novo usuário criado" library="serverest_testes_recursos">
<kw name="Create Dictionary" library="BuiltIn">
<var>${body}</var>
<arg>nome=${FULLNAME_TEST}</arg>
<arg>email=${EMAIL_TEST}</arg>
<arg>password=teste</arg>
<arg>administrador=true</arg>
<doc>Creates and returns a dictionary based on the given ``items``.</doc>
<msg timestamp="20240826 13:54:51.464" level="INFO">${body} = {'nome': 'Psxupdwrj Csxupdwrj', 'email': 'bvtwnttg@qacoders.com.br', 'password': 'teste', 'administrador': 'true'}</msg>
<status status="PASS" starttime="20240826 13:54:51.464" endtime="20240826 13:54:51.464"/>
</kw>
<kw name="Log" library="BuiltIn">
<arg>${body}</arg>
<doc>Logs the given message with the given level.</doc>
<msg timestamp="20240826 13:54:51.464" level="INFO">{'nome': 'Psxupdwrj Csxupdwrj', 'email': 'bvtwnttg@qacoders.com.br', 'password': 'teste', 'administrador': 'true'}</msg>
<status status="PASS" starttime="20240826 13:54:51.464" endtime="20240826 13:54:51.464"/>
</kw>
<kw name="Criar sessão" library="serverest_testes_recursos">
<kw name="Create Dictionary" library="BuiltIn">
<var>${headers}</var>
<arg>accept=application/json</arg>
<arg>Content-Type=application/json</arg>
<doc>Creates and returns a dictionary based on the given ``items``.</doc>
<msg timestamp="20240826 13:54:51.464" level="INFO">${headers} = {'accept': 'application/json', 'Content-Type': 'application/json'}</msg>
<status status="PASS" starttime="20240826 13:54:51.464" endtime="20240826 13:54:51.464"/>
</kw>
<kw name="Create Session">
<arg>alias=APIServeRest</arg>
<arg>url=https://serverest.dev</arg>
<arg>headers=${headers}</arg>
<msg timestamp="20240826 13:54:51.464" level="FAIL">No keyword with name 'Create Session' found.</msg>
<status status="FAIL" starttime="20240826 13:54:51.464" endtime="20240826 13:54:51.464"/>
</kw>
<status status="FAIL" starttime="20240826 13:54:51.464" endtime="20240826 13:54:51.464"/>
</kw>
<kw name="POST On Session">
<var>${resposta}</var>
<arg>alias=APIServeRest</arg>
<arg>url=/usuarios</arg>
<arg>json=${body}</arg>
<status status="NOT RUN" starttime="20240826 13:54:51.464" endtime="20240826 13:54:51.464"/>
</kw>
<kw name="Log" library="BuiltIn">
<arg>${resposta.json()}</arg>
<doc>Logs the given message with the given level.</doc>
<status status="NOT RUN" starttime="20240826 13:54:51.464" endtime="20240826 13:54:51.464"/>
</kw>
<kw name="Set Test Variable" library="BuiltIn">
<arg>${ID_USUARIO}</arg>
<arg>${resposta.json()["_id"]}</arg>
<doc>Makes a variable available everywhere within the scope of the current test.</doc>
<status status="NOT RUN" starttime="20240826 13:54:51.464" endtime="20240826 13:54:51.464"/>
</kw>
<kw name="Set Test Variable" library="BuiltIn">
<arg>${RESPOSTA}</arg>
<arg>${resposta.json()}</arg>
<doc>Makes a variable available everywhere within the scope of the current test.</doc>
<status status="NOT RUN" starttime="20240826 13:54:51.464" endtime="20240826 13:54:51.464"/>
</kw>
<status status="FAIL" starttime="20240826 13:54:51.464" endtime="20240826 13:54:51.464"/>
</kw>
<kw name="Conferir se este novo usuário foi cadastrado corretamente" library="serverest_testes_recursos">
<status status="NOT RUN" starttime="20240826 13:54:51.464" endtime="20240826 13:54:51.464"/>
</kw>
<status status="FAIL" starttime="20240826 13:54:51.448" endtime="20240826 13:54:51.464">No keyword with name 'Create Session' found.</status>
</test>
<status status="FAIL" starttime="20240826 13:54:51.448" endtime="20240826 13:54:51.464"/>
</suite>
<status status="FAIL" starttime="20240826 13:54:51.432" endtime="20240826 13:54:51.483"/>
</suite>
<status status="FAIL" starttime="20240826 13:54:51.432" endtime="20240826 13:54:51.483"/>
</suite>
<statistics>
<total>
<stat pass="0" fail="1" skip="0">All Tests</stat>
</total>
<tag>
</tag>
<suite>
<stat pass="0" fail="1" skip="0" id="s1" name="Api Serverest Robot">Api Serverest Robot</stat>
<stat pass="0" fail="1" skip="0" id="s1-s1" name="serverestTest">Api Serverest Robot.serverestTest</stat>
<stat pass="0" fail="1" skip="0" id="s1-s1-s1" name="Usuario Serverest Test">Api Serverest Robot.serverestTest.Usuario Serverest Test</stat>
</suite>
</statistics>
<errors>
<msg timestamp="20240826 13:54:51.448" level="ERROR">Error in file 'C:\Users\diego\Programing\Python\api_serverest_robot\serverestResources\serverest_testes_recursos.resource' on line 5: Importing library 'RequestsLibrary' failed: ModuleNotFoundError: No module named 'RequestsLibrary'
Traceback (most recent call last):
  None
PYTHONPATH:
  C:\Users\diego\Programing\Python\api_serverest_robot
  C:\Users\diego\Programing\Python\api_serverest_robot
  C:\Users\diego\AppData\Local\Programs\Python\Python312\python312.zip
  C:\Users\diego\AppData\Local\Programs\Python\Python312\DLLs
  C:\Users\diego\AppData\Local\Programs\Python\Python312\Lib
  C:\Users\diego\AppData\Local\Programs\Python\Python312
  C:\Users\diego\AppData\Local\Programs\Python\Python312\Lib\site-packages</msg>
</errors>
</robot>
